0 info it worked if it ends with ok
1 verbose cli [ 'node',
1 verbose cli   '/usr/local/bin/npm',
1 verbose cli   'install',
1 verbose cli   '--save-dev',
1 verbose cli   'gulp-babelify' ]
2 info using npm@2.14.0
3 info using node@v0.12.0
4 verbose node symlink /usr/local/bin/node
5 verbose install initial load of /Users/nickjames/personal/Projects/polling_project/package.json
6 verbose installManyTop reading scoped package data from /Users/nickjames/personal/Projects/polling_project/node_modules/babel-preset-es2015/package.json
7 verbose installManyTop reading scoped package data from /Users/nickjames/personal/Projects/polling_project/node_modules/bower/package.json
8 verbose installManyTop reading scoped package data from /Users/nickjames/personal/Projects/polling_project/node_modules/gulp/package.json
9 verbose installManyTop reading scoped package data from /Users/nickjames/personal/Projects/polling_project/node_modules/gulp-babel/package.json
10 verbose installManyTop reading scoped package data from /Users/nickjames/personal/Projects/polling_project/node_modules/gulp-browserify/package.json
11 verbose installManyTop reading scoped package data from /Users/nickjames/personal/Projects/polling_project/node_modules/gulp-clean/package.json
12 verbose installManyTop reading scoped package data from /Users/nickjames/personal/Projects/polling_project/node_modules/gulp-rimraf/package.json
13 verbose installManyTop reading scoped package data from /Users/nickjames/personal/Projects/polling_project/node_modules/gulp-size/package.json
14 verbose installManyTop reading scoped package data from /Users/nickjames/personal/Projects/polling_project/node_modules/react/package.json
15 verbose installManyTop reading scoped package data from /Users/nickjames/personal/Projects/polling_project/node_modules/reactify/package.json
16 info package.json gulp-clean@0.3.1 No license field.
17 verbose readDependencies loading dependencies from /Users/nickjames/personal/Projects/polling_project/package.json
18 silly cache add args [ 'gulp-babelify', null ]
19 verbose cache add spec gulp-babelify
20 silly cache add parsed spec { raw: 'gulp-babelify',
20 silly cache add   scope: null,
20 silly cache add   name: 'gulp-babelify',
20 silly cache add   rawSpec: '',
20 silly cache add   spec: '*',
20 silly cache add   type: 'range' }
21 silly addNamed gulp-babelify@*
22 verbose addNamed "*" is a valid semver range for gulp-babelify
23 silly addNameRange { name: 'gulp-babelify', range: '*', hasData: false }
24 silly mapToRegistry name gulp-babelify
25 silly mapToRegistry using default registry
26 silly mapToRegistry registry https://registry.npmjs.org/
27 silly mapToRegistry uri https://registry.npmjs.org/gulp-babelify
28 verbose addNameRange registry:https://registry.npmjs.org/gulp-babelify not in flight; fetching
29 verbose request uri https://registry.npmjs.org/gulp-babelify
30 verbose request no auth needed
31 info attempt registry request try #1 at 17:49:02
32 verbose request id 43e4360f89c47a27
33 http request GET https://registry.npmjs.org/gulp-babelify
34 http 404 https://registry.npmjs.org/gulp-babelify
35 verbose headers { 'content-type': 'application/json',
35 verbose headers   'cache-control': 'max-age=0',
35 verbose headers   'content-length': '2',
35 verbose headers   'accept-ranges': 'bytes',
35 verbose headers   date: 'Mon, 21 Dec 2015 01:49:02 GMT',
35 verbose headers   via: '1.1 varnish',
35 verbose headers   age: '0',
35 verbose headers   connection: 'keep-alive',
35 verbose headers   'x-served-by': 'cache-lax1425-LAX',
35 verbose headers   'x-cache': 'MISS',
35 verbose headers   'x-cache-hits': '0',
35 verbose headers   'x-timer': 'S1450662542.518923,VS0,VE332' }
36 silly get cb [ 404,
36 silly get   { 'content-type': 'application/json',
36 silly get     'cache-control': 'max-age=0',
36 silly get     'content-length': '2',
36 silly get     'accept-ranges': 'bytes',
36 silly get     date: 'Mon, 21 Dec 2015 01:49:02 GMT',
36 silly get     via: '1.1 varnish',
36 silly get     age: '0',
36 silly get     connection: 'keep-alive',
36 silly get     'x-served-by': 'cache-lax1425-LAX',
36 silly get     'x-cache': 'MISS',
36 silly get     'x-cache-hits': '0',
36 silly get     'x-timer': 'S1450662542.518923,VS0,VE332' } ]
37 verbose stack Error: Registry returned 404 for GET on https://registry.npmjs.org/gulp-babelify
37 verbose stack     at makeError (/usr/local/lib/node_modules/npm/node_modules/npm-registry-client/lib/request.js:263:12)
37 verbose stack     at CachingRegistryClient.<anonymous> (/usr/local/lib/node_modules/npm/node_modules/npm-registry-client/lib/request.js:241:14)
37 verbose stack     at Request._callback (/usr/local/lib/node_modules/npm/node_modules/npm-registry-client/lib/request.js:171:14)
37 verbose stack     at Request.self.callback (/usr/local/lib/node_modules/npm/node_modules/request/request.js:198:22)
37 verbose stack     at Request.emit (events.js:110:17)
37 verbose stack     at Request.<anonymous> (/usr/local/lib/node_modules/npm/node_modules/request/request.js:1057:14)
37 verbose stack     at Request.emit (events.js:129:20)
37 verbose stack     at IncomingMessage.<anonymous> (/usr/local/lib/node_modules/npm/node_modules/request/request.js:1003:12)
37 verbose stack     at IncomingMessage.emit (events.js:129:20)
37 verbose stack     at _stream_readable.js:908:16
38 verbose statusCode 404
39 verbose pkgid gulp-babelify
40 verbose cwd /Users/nickjames/personal/Projects/polling_project
41 error Darwin 15.2.0
42 error argv "node" "/usr/local/bin/npm" "install" "--save-dev" "gulp-babelify"
43 error node v0.12.0
44 error npm  v2.14.0
45 error code E404
46 error 404 Registry returned 404 for GET on https://registry.npmjs.org/gulp-babelify
46 error 404
46 error 404 'gulp-babelify' is not in the npm registry.
46 error 404 You should bug the author to publish it (or use the name yourself!)
46 error 404 It was specified as a dependency of 'polling_project'
46 error 404
46 error 404 Note that you can also install from a
46 error 404 tarball, folder, http url, or git url.
47 verbose exit [ 1, true ]
